

Version:	3.50
CmdLine:	C:\Users\_____\IdeaProjects\QLDT_DH\target\a.exe --l4j-debug
JNI:		No
WOW64:		Yes
Working dir:	C:\Users\_____\IdeaProjects\QLDT_DH\target\.
Requires JDK:	Yes
Requires 64-Bit: Yes
Java min ver:	1.008.000
Java max ver:	1.022.000
JRE paths:	C:\Program Files\OpenLogic\jre-21.0.3.1-hotspot
Check launcher:	C:\Program Files\OpenLogic\jre-21.0.3.1-hotspot\bin\javaw.exe (not found)
64-bit search:	SOFTWARE\JavaSoft\Java Development Kit...
64-bit search:	SOFTWARE\JavaSoft\JDK...
Check:		SOFTWARE\JavaSoft\JDK\22.0.2
Version string: 1.022.000_002 / 64-Bit (Ignore)
Ignore:		1.022.000_002
64-bit search:	SOFTWARE\IBM\Java Development Kit...
64-bit search:	SOFTWARE\IBM\Java Development Kit...
Error msg:	This application requires a Java Runtime Environment 1.8 - 22 (64-bit)


Version:	3.50
CmdLine:	C:\Users\_____\IdeaProjects\QLDT_DH\target\a.exe --l4j-debug
JNI:		No
WOW64:		Yes
Working dir:	C:\Users\_____\IdeaProjects\QLDT_DH\target\.
Requires JDK:	Yes
Requires 64-Bit: Yes
Java min ver:	1.008.000
Java max ver:	1.022.000
JRE paths:	C:\Program Files\OpenLogic\jre-21.0.3.1-hotspot
Check launcher:	C:\Program Files\OpenLogic\jre-21.0.3.1-hotspot\bin\javaw.exe (not found)
64-bit search:	SOFTWARE\JavaSoft\Java Development Kit...
64-bit search:	SOFTWARE\JavaSoft\JDK...
Check:		SOFTWARE\JavaSoft\JDK\22.0.2
Version string: 1.022.000_002 / 64-Bit (Ignore)
Ignore:		1.022.000_002
64-bit search:	SOFTWARE\IBM\Java Development Kit...
64-bit search:	SOFTWARE\IBM\Java Development Kit...
Error msg:	This application requires a Java Runtime Environment 1.8 - 22 (64-bit)


Version:	3.50
CmdLine:	C:\Users\_____\IdeaProjects\QLDT_DH\target\a.exe --l4j-debug
JNI:		No
WOW64:		Yes
Working dir:	C:\Users\_____\IdeaProjects\QLDT_DH\target\.
Requires JDK:	Yes
Requires 64-Bit: Yes
Java min ver:	1.008.000
Java max ver:	1.022.000
JRE paths:	C:\Program Files\OpenLogic\jre-21.0.3.1-hotspot
Check launcher:	C:\Program Files\OpenLogic\jre-21.0.3.1-hotspot\bin\javaw.exe (not found)
64-bit search:	SOFTWARE\JavaSoft\Java Development Kit...
64-bit search:	SOFTWARE\JavaSoft\JDK...
Check:		SOFTWARE\JavaSoft\JDK\22.0.2
Version string: 1.022.000_002 / 64-Bit (Ignore)
Ignore:		1.022.000_002
64-bit search:	SOFTWARE\IBM\Java Development Kit...
64-bit search:	SOFTWARE\IBM\Java Development Kit...
Error msg:	This application requires a Java Runtime Environment 1.8 - 22 (64-bit)


Version:	3.50
CmdLine:	C:\Users\_____\IdeaProjects\QLDT_DH\target\a.exe --l4j-debug
JNI:		No
WOW64:		Yes
Working dir:	C:\Users\_____\IdeaProjects\QLDT_DH\target\.
Requires JDK:	Yes
Requires 64-Bit: Yes
Java min ver:	1.008.000
Java max ver:	1.022.000
JRE paths:	C:\Program Files\OpenLogic\jre-21.0.3.1-hotspot
Check launcher:	C:\Program Files\OpenLogic\jre-21.0.3.1-hotspot\bin\javaw.exe (not found)
64-bit search:	SOFTWARE\JavaSoft\Java Development Kit...
64-bit search:	SOFTWARE\JavaSoft\JDK...
Check:		SOFTWARE\JavaSoft\JDK\22.0.2
Version string: 1.022.000_002 / 64-Bit (Ignore)
Ignore:		1.022.000_002
64-bit search:	SOFTWARE\IBM\Java Development Kit...
64-bit search:	SOFTWARE\IBM\Java Development Kit...
Error msg:	This application requires a Java Runtime Environment 1.8 - 22 (64-bit)


Version:	3.50
CmdLine:	C:\Users\_____\IdeaProjects\QLDT_DH\target\a.exe --l4j-debug
JNI:		No
WOW64:		Yes
Working dir:	C:\Users\_____\IdeaProjects\QLDT_DH\target\.
Requires JDK:	Yes
Requires 64-Bit: Yes
Java min ver:	1.008.000
Java max ver:	1.022.000
JRE paths:	C:\Program Files\OpenLogic\jre-21.0.3.1-hotspot
Check launcher:	C:\Program Files\OpenLogic\jre-21.0.3.1-hotspot\bin\javaw.exe (not found)
64-bit search:	SOFTWARE\JavaSoft\Java Development Kit...
64-bit search:	SOFTWARE\JavaSoft\JDK...
Check:		SOFTWARE\JavaSoft\JDK\22.0.2
Version string: 1.022.000_002 / 64-Bit (Ignore)
Ignore:		1.022.000_002
64-bit search:	SOFTWARE\IBM\Java Development Kit...
64-bit search:	SOFTWARE\IBM\Java Development Kit...
Error msg:	This application requires a Java Runtime Environment 1.8 - 22 (64-bit)


Version:	3.50
CmdLine:	C:\Users\_____\IdeaProjects\QLDT_DH\target\a.exe --l4j-debug
JNI:		No
WOW64:		Yes
Working dir:	C:\Users\_____\IdeaProjects\QLDT_DH\target\.
Requires JDK:	Yes
Requires 64-Bit: Yes
Java min ver:	1.008.000
Java max ver:	1.022.000
JRE paths:	C:\Program Files\OpenLogic\jre-22.0.2.9-hotspot
Check launcher:	C:\Program Files\OpenLogic\jre-22.0.2.9-hotspot\bin\javaw.exe (OK)
Check javac:	C:\Program Files\OpenLogic\jre-22.0.2.9-hotspot\bin\javac.exe (OK)
Version string: 1.022.000_002 / 64-Bit (Ignore)
64-bit search:	SOFTWARE\JavaSoft\Java Development Kit...
64-bit search:	SOFTWARE\JavaSoft\JDK...
Check:		SOFTWARE\JavaSoft\JDK\22.0.2
Version string: 1.022.000_002 / 64-Bit (Ignore)
Ignore:		1.022.000_002
64-bit search:	SOFTWARE\IBM\Java Development Kit...
64-bit search:	SOFTWARE\IBM\Java Development Kit...
Error msg:	This application requires a Java Runtime Environment 1.8 - 22 (64-bit)


Version:	3.50
CmdLine:	C:\Users\_____\IdeaProjects\QLDT_DH\target\a.exe --l4j-debug
JNI:		No
WOW64:		Yes
Working dir:	C:\Users\_____\IdeaProjects\QLDT_DH\target\.
Requires JDK:	Yes
Requires 64-Bit: Yes
Java min ver:	1.008.000
Java max ver:	1.022.000
JRE paths:	C:\Program Files\OpenLogic\jre-22.0.2.9-hotspot
Check launcher:	C:\Program Files\OpenLogic\jre-22.0.2.9-hotspot\bin\javaw.exe (OK)
Check javac:	C:\Program Files\OpenLogic\jre-22.0.2.9-hotspot\bin\javac.exe (OK)
Version string: 1.022.000_002 / 64-Bit (Ignore)
64-bit search:	SOFTWARE\JavaSoft\Java Development Kit...
64-bit search:	SOFTWARE\JavaSoft\JDK...
Check:		SOFTWARE\JavaSoft\JDK\22.0.2
Version string: 1.022.000_002 / 64-Bit (Ignore)
Ignore:		1.022.000_002
64-bit search:	SOFTWARE\IBM\Java Development Kit...
64-bit search:	SOFTWARE\IBM\Java Development Kit...
Error msg:	This application requires a Java Runtime Environment 1.8 - 22 (64-bit)


Version:	3.50
CmdLine:	C:\Users\_____\IdeaProjects\QLDT_DH\target\a.exe --l4j-debug
JNI:		No
WOW64:		Yes
Working dir:	C:\Users\_____\IdeaProjects\QLDT_DH\target\.
Requires JDK:	Yes
Requires 64-Bit: Yes
Java min ver:	1.008.000
Java max ver:	1.022.000
JRE paths:	C:\Program Files\OpenLogic\jre-22.0.2.9-hotspot
Check launcher:	C:\Program Files\OpenLogic\jre-22.0.2.9-hotspot\bin\javaw.exe (OK)
Check javac:	C:\Program Files\OpenLogic\jre-22.0.2.9-hotspot\bin\javac.exe (OK)
Version string: 1.022.000_002 / 64-Bit (Ignore)
64-bit search:	SOFTWARE\JavaSoft\Java Development Kit...
64-bit search:	SOFTWARE\JavaSoft\JDK...
Check:		SOFTWARE\JavaSoft\JDK\22.0.2
Version string: 1.022.000_002 / 64-Bit (Ignore)
Ignore:		1.022.000_002
64-bit search:	SOFTWARE\IBM\Java Development Kit...
64-bit search:	SOFTWARE\IBM\Java Development Kit...
Error msg:	This application requires a Java Runtime Environment 1.8 - 22 (64-bit)


Version:	3.50
CmdLine:	C:\Users\_____\IdeaProjects\QLDT_DH\target\a.exe --l4j-debug
JNI:		No
WOW64:		Yes
Working dir:	C:\Users\_____\IdeaProjects\QLDT_DH\target\.
Requires JDK:	No
Requires 64-Bit: Yes
Java min ver:	1.021.000
Java max ver:	1.022.000
JRE paths:	C:\Program Files\OpenLogic\jre-22.0.2.9-hotspot
Check launcher:	C:\Program Files\OpenLogic\jre-22.0.2.9-hotspot\bin\javaw.exe (OK)
Version string: 1.022.000_002 / 64-Bit (Ignore)
64-bit search:	SOFTWARE\JavaSoft\Java Runtime Environment...
64-bit search:	SOFTWARE\JavaSoft\Java Development Kit...
64-bit search:	SOFTWARE\JavaSoft\JRE...
Check:		SOFTWARE\JavaSoft\JRE\22
Version string: 1.022.000 / 64-Bit (OK)
Check launcher:	C:\Program Files\OpenLogic\jre-22.0.2.9-hotspot\bin\javaw.exe (OK)
Match:		1.022.000
Runtime used:	1.022.000 (64-bit)
Main class:	app.App
Info:		Classpath not defined.
Launcher:	C:\Program Files\OpenLogic\jre-22.0.2.9-hotspot\bin\javaw.exe
Launcher args:	--add-opens java.base/jdk.internal.reflect=ALL-UNNAMED --add-opens java.base/java.lang=ALL-UNNAMED -classpath "C:\Users\_____\IdeaProjects\QLDT_DH\target\a.exe" app.App
Args length:	168/32768 chars
Exit code:	0
